#
# A fatal error has been detected by the Java Runtime Environment:
#
#  EXCEPTION_ACCESS_VIOLATION (0xc0000005) at pc=0x578b9ab1, pid=17704, tid=0x0000245c
#
# JRE version: Java(TM) SE Runtime Environment (8.0_144-b01) (build 1.8.0_144-b01)
# Java VM: Java HotSpot(TM) Client VM (25.144-b01 mixed mode windows-x86 )
# Problematic frame:
# C  [awt.dll+0xa9ab1]
#
# Failed to write core dump. Minidumps are not enabled by default on client versions of Windows
#
# If you would like to submit a bug report, please visit:
#   http://bugreport.java.com/bugreport/crash.jsp
# The crash happened outside the Java Virtual Machine in native code.
# See problematic frame for where to report the bug.
#

---------------  T H R E A D  ---------------

Current thread (0x2bedec00):  JavaThread "AWT-EventQueue-0" [_thread_in_native, id=9308, stack(0x29cc0000,0x29d10000)]

siginfo: ExceptionCode=0xc0000005, reading address 0x00000004

Registers:
EAX=0x0000000d, EBX=0xad01238d, ECX=0x00000000, EDX=0x034a5538
ESP=0x29d0e2a8, EBP=0x76486870, ESI=0x2c103210, EDI=0x2c030a48
EIP=0x578b9ab1, EFLAGS=0x00010213

Top of Stack: (sp=0x29d0e2a8)
0x29d0e2a8:   5783e936 ad01238d 2c030a48 2beded40
0x29d0e2b8:   29d0e378 29d0e830 5786b333 2beded40
0x29d0e2c8:   2c030a48 29d0e830 5786b34a 00000001
0x29d0e2d8:   00000000 00000000 5783bb85 2beded40
0x29d0e2e8:   29d0e830 2bedec00 00000000 00000000
0x29d0e2f8:   29d0e318 04e99893 2c4c8568 2a12be88
0x29d0e308:   29d0e834 2beded40 29bc8d60 29d0e33c
0x29d0e318:   29d0e3a8 04ea773c ffffffff 29d0e324 

Instructions: (pc=0x578b9ab1)
0x578b9a91:   00 00 c3 8b 41 04 8b 80 0c 0c 00 00 c3 8b 01 83
0x578b9aa1:   78 04 08 7e 03 33 c0 c3 8b 49 04 e9 e4 eb fe ff
0x578b9ab1:   8b 49 04 85 c9 74 05 e9 f2 e9 fe ff 33 c0 c2 04
0x578b9ac1:   00 8b 49 04 85 c9 74 05 e9 07 ea fe ff c2 04 00 


Register to memory mapping:

EAX=0x0000000d is an unknown value
EBX=0xad01238d is an unknown value
ECX=0x00000000 is an unknown value
EDX=0x034a5538 is an unknown value
ESP=0x29d0e2a8 is pointing into the stack for thread: 0x2bedec00
EBP=0x76486870 is an unknown value
ESI=0x2c103210 is an unknown value
EDI=0x2c030a48 is an unknown value


Stack: [0x29cc0000,0x29d10000],  sp=0x29d0e2a8,  free space=312k
Native frames: (J=compiled Java code, j=interpreted, Vv=VM code, C=native code)
C  [awt.dll+0xa9ab1]

Java frames: (J=compiled Java code, j=interpreted, Vv=VM code)
J 3114  sun.java2d.windows.GDIBlitLoops.nativeBlit(Lsun/java2d/SurfaceData;Lsun/java2d/SurfaceData;Lsun/java2d/pipe/Region;IIIIIIIIIZ)V (0 bytes) @ 0x05055058 [0x05054f90+0xc8]
J 3113 C1 sun.java2d.windows.GDIBlitLoops.Blit(Lsun/java2d/SurfaceData;Lsun/java2d/SurfaceData;Ljava/awt/Composite;Lsun/java2d/pipe/Region;IIIIII)V (37 bytes) @ 0x04fbed98 [0x04fbed00+0x98]
J 2784 C1 sun.java2d.pipe.DrawImage.blitSurfaceData(Lsun/java2d/SunGraphics2D;Lsun/java2d/pipe/Region;Lsun/java2d/SurfaceData;Lsun/java2d/SurfaceData;Lsun/java2d/loops/SurfaceType;Lsun/java2d/loops/SurfaceType;IIIIIILjava/awt/Color;)V (145 bytes) @ 0x0524b700 [0x0524b4e0+0x220]
J 2783 C1 sun.java2d.pipe.DrawImage.renderImageCopy(Lsun/java2d/SunGraphics2D;Ljava/awt/Image;Ljava/awt/Color;IIIIII)Z (147 bytes) @ 0x0524addc [0x0524acc0+0x11c]
J 2785 C1 sun.java2d.pipe.DrawImage.copyImage(Lsun/java2d/SunGraphics2D;Ljava/awt/Image;IILjava/awt/Color;)Z (105 bytes) @ 0x0524bff0 [0x0524be10+0x1e0]
J 2762 C1 sun.java2d.pipe.DrawImage.copyImage(Lsun/java2d/SunGraphics2D;Ljava/awt/Image;IILjava/awt/Color;Ljava/awt/image/ImageObserver;)Z (60 bytes) @ 0x04e695e8 [0x04e69480+0x168]
J 2996 C1 sun.java2d.pipe.ValidatePipe.copyImage(Lsun/java2d/SunGraphics2D;Ljava/awt/Image;IILjava/awt/Color;Ljava/awt/image/ImageObserver;)Z (29 bytes) @ 0x04e797e8 [0x04e79770+0x78]
J 2764 C1 sun.java2d.SunGraphics2D.drawImage(Ljava/awt/Image;IILjava/awt/Color;Ljava/awt/image/ImageObserver;)Z (145 bytes) @ 0x05244b4c [0x05244950+0x1fc]
J 2789 C1 sun.java2d.SunGraphics2D.drawImage(Ljava/awt/Image;IILjava/awt/image/ImageObserver;)Z (11 bytes) @ 0x0524cc00 [0x0524cbc0+0x40]
J 2667 C1 javax.swing.RepaintManager$PaintManager.paintDoubleBuffered(Ljavax/swing/JComponent;Ljava/awt/Image;Ljava/awt/Graphics;IIII)V (294 bytes) @ 0x0521f708 [0x0521f560+0x1a8]
J 2731 C1 javax.swing.RepaintManager$PaintManager.paint(Ljavax/swing/JComponent;Ljavax/swing/JComponent;Ljava/awt/Graphics;IIII)Z (189 bytes) @ 0x05239d4c [0x05239b10+0x23c]
J 3106 C1 javax.swing.RepaintManager.paint(Ljavax/swing/JComponent;Ljavax/swing/JComponent;Ljava/awt/Graphics;IIII)V (93 bytes) @ 0x04f9d230 [0x04f9d040+0x1f0]
J 2923 C1 javax.swing.JComponent.paint(Ljava/awt/Graphics;)V (409 bytes) @ 0x0527c7f4 [0x0527c490+0x364]
j  java.awt.GraphicsCallback$PaintCallback.run(Ljava/awt/Component;Ljava/awt/Graphics;)V+2
j  sun.awt.SunGraphicsCallback.runOneComponent(Ljava/awt/Component;Ljava/awt/Rectangle;Ljava/awt/Graphics;Ljava/awt/Shape;I)V+155
j  sun.awt.SunGraphicsCallback.runComponents([Ljava/awt/Component;Ljava/awt/Graphics;I)V+194
j  java.awt.Container.paint(Ljava/awt/Graphics;)V+58
j  java.awt.Window.paint(Ljava/awt/Graphics;)V+68
J 3100 C1 javax.swing.RepaintManager$4.run()Ljava/lang/Void; (278 bytes) @ 0x050360b4 [0x05035de0+0x2d4]
J 3099 C1 javax.swing.RepaintManager$4.run()Ljava/lang/Object; (5 bytes) @ 0x05055a20 [0x05055a00+0x20]
v  ~StubRoutines::call_stub
J 2103  java.security.AccessController.doPrivileged(Ljava/security/PrivilegedAction;Ljava/security/AccessControlContext;)Ljava/lang/Object; (0 bytes) @ 0x05122587 [0x05122520+0x67]
J 2688 C1 javax.swing.RepaintManager.paintDirtyRegions(Ljava/util/Map;)V (196 bytes) @ 0x0522a0fc [0x05229d20+0x3dc]
J 3124 C1 javax.swing.RepaintManager.paintDirtyRegions()V (50 bytes) @ 0x04f77824 [0x04f776e0+0x144]
J 3119 C1 javax.swing.RepaintManager.prePaintDirtyRegions()V (91 bytes) @ 0x05073034 [0x05072e70+0x1c4]
J 3067 C1 javax.swing.RepaintManager$ProcessingRunnable.run()V (41 bytes) @ 0x050318e4 [0x050317b0+0x134]
J 2285 C1 java.awt.event.InvocationEvent.dispatch()V (69 bytes) @ 0x0515705c [0x05156f70+0xec]
J 2174 C1 java.awt.EventQueue.dispatchEventImpl(Ljava/awt/AWTEvent;Ljava/lang/Object;)V (149 bytes) @ 0x0513508c [0x05134bd0+0x4bc]
J 2171 C1 java.awt.EventQueue$3.run()Ljava/lang/Void; (60 bytes) @ 0x0513435c [0x05134300+0x5c]
J 2170 C1 java.awt.EventQueue$3.run()Ljava/lang/Object; (5 bytes) @ 0x051340e0 [0x051340c0+0x20]
v  ~StubRoutines::call_stub
J 2103  java.security.AccessController.doPrivileged(Ljava/security/PrivilegedAction;Ljava/security/AccessControlContext;)Ljava/lang/Object; (0 bytes) @ 0x05122587 [0x05122520+0x67]
J 2166 C1 java.awt.EventQueue.dispatchEvent(Ljava/awt/AWTEvent;)V (80 bytes) @ 0x05132c08 [0x05132a00+0x208]
J 2110 C1 java.awt.EventDispatchThread.pumpOneEventForFilters(I)V (295 bytes) @ 0x04e62650 [0x04e61fc0+0x690]
J 3009% C1 java.awt.EventDispatchThread.pumpEventsForFilter(ILjava/awt/Conditional;Ljava/awt/EventFilter;)V (47 bytes) @ 0x04e93e80 [0x04e93dc0+0xc0]
j  java.awt.EventDispatchThread.pumpEventsForHierarchy(ILjava/awt/Conditional;Ljava/awt/Component;)V+11
j  java.awt.EventDispatchThread.pumpEvents(ILjava/awt/Conditional;)V+4
j  java.awt.EventDispatchThread.pumpEvents(Ljava/awt/Conditional;)V+3
j  java.awt.EventDispatchThread.run()V+9
v  ~StubRoutines::call_stub

---------------  P R O C E S S  ---------------

Java Threads: ( => current thread )
  0x2bee3400 JavaThread "JmDNS(192-168-0-45.local.).State.Timer" daemon [_thread_blocked, id=18960, stack(0x2b730000,0x2b780000)]
  0x2bee2c00 JavaThread "JmDNS(192-168-0-45.local.).Timer" daemon [_thread_blocked, id=18976, stack(0x2b6a0000,0x2b6f0000)]
  0x2bee1800 JavaThread "SocketListener(192-168-0-45.local.)" daemon [_thread_in_native, id=18428, stack(0x29330000,0x29380000)]
  0x2bee2000 JavaThread "JmDNS(2a02-908-df52-2600-1872-61da-e6ae-f3ea.local.).State.Timer" daemon [_thread_blocked, id=13632, stack(0x2b550000,0x2b5a0000)]
  0x2bee1400 JavaThread "JmDNS(2a02-908-df52-2600-1872-61da-e6ae-f3ea.local.).Timer" daemon [_thread_blocked, id=2220, stack(0x2b4c0000,0x2b510000)]
  0x2bee2800 JavaThread "SocketListener(2a02-908-df52-2600-1872-61da-e6ae-f3ea.local.)" daemon [_thread_in_native, id=18184, stack(0x29e10000,0x29e60000)]
  0x2bee0000 JavaThread "JmDNS(2a02-908-df52-2600-35ad-3c06-9dbf-5a7.local.).State.Timer" daemon [_thread_blocked, id=18176, stack(0x29960000,0x299b0000)]
  0x2bedd000 JavaThread "JmDNS(2a02-908-df52-2600-35ad-3c06-9dbf-5a7.local.).Timer" daemon [_thread_blocked, id=208, stack(0x29500000,0x29550000)]
  0x2bee0800 JavaThread "SocketListener(2a02-908-df52-2600-35ad-3c06-9dbf-5a7.local.)" daemon [_thread_in_native, id=13784, stack(0x28640000,0x28690000)]
  0x2bede800 JavaThread "JmmDNS pool-2-thread-2" [_thread_blocked, id=17044, stack(0x285b0000,0x28600000)]
  0x2bedc800 JavaThread "JmDNS(DESKTOP-TTN6SP3.local.).State.Timer" daemon [_thread_blocked, id=944, stack(0x28420000,0x28470000)]
  0x2bede000 JavaThread "JmDNS(DESKTOP-TTN6SP3.local.).Timer" daemon [_thread_blocked, id=12256, stack(0x28390000,0x283e0000)]
  0x2bedf400 JavaThread "SocketListener(DESKTOP-TTN6SP3.local.)" daemon [_thread_in_native, id=6392, stack(0x031a0000,0x031f0000)]
  0x2bee3800 JavaThread "DestroyJavaVM" [_thread_blocked, id=3124, stack(0x04b40000,0x04b90000)]
  0x2bedd400 JavaThread "TimerQueue" daemon [_thread_blocked, id=7108, stack(0x2a0a0000,0x2a0f0000)]
=>0x2bedec00 JavaThread "AWT-EventQueue-0" [_thread_in_native, id=9308, stack(0x29cc0000,0x29d10000)]
  0x2bedfc00 JavaThread "AWT-Shutdown" [_thread_blocked, id=9016, stack(0x29c30000,0x29c80000)]
  0x2beddc00 JavaThread "Batik CleanerThread" daemon [_thread_blocked, id=9260, stack(0x29910000,0x29960000)]
  0x2bee0c00 JavaThread "Timer-0" [_thread_blocked, id=11252, stack(0x2cea0000,0x2cef0000)]
  0x2bead400 JavaThread "Multihomed mDNS.Timer" daemon [_thread_blocked, id=9784, stack(0x27720000,0x27770000)]
  0x2be8f000 JavaThread "cc.arduino.packages.discoverers.serial.SerialBoardsLister" [_thread_blocked, id=16604, stack(0x06de0000,0x06e30000)]
  0x28ecf800 JavaThread "AWT-Windows" daemon [_thread_in_native, id=10804, stack(0x293c0000,0x29410000)]
  0x28ecc000 JavaThread "Java2D Disposer" daemon [_thread_blocked, id=14932, stack(0x292a0000,0x292f0000)]
  0x2753d400 JavaThread "Service Thread" daemon [_thread_blocked, id=4176, stack(0x28b80000,0x28bd0000)]
  0x2751d800 JavaThread "C1 CompilerThread0" daemon [_thread_blocked, id=12908, stack(0x28af0000,0x28b40000)]
  0x2751b400 JavaThread "Attach Listener" daemon [_thread_blocked, id=12564, stack(0x28a60000,0x28ab0000)]
  0x27519400 JavaThread "Signal Dispatcher" daemon [_thread_blocked, id=17564, stack(0x289d0000,0x28a20000)]
  0x274fb800 JavaThread "Finalizer" daemon [_thread_blocked, id=2340, stack(0x28830000,0x28880000)]
  0x274e5c00 JavaThread "Reference Handler" daemon [_thread_blocked, id=17888, stack(0x28710000,0x28760000)]

Other Threads:
  0x274e0400 VMThread [stack: 0x28300000,0x28350000] [id=12944]
  0x27549000 WatcherThread [stack: 0x28c10000,0x28c60000] [id=16840]

VM state:not at safepoint (normal execution)

VM Mutex/Monitor currently owned by a thread: None

Heap:
 def new generation   total 43520K, used 4504K [0x07000000, 0x09f30000, 0x11aa0000)
  eden space 38720K,   8% used [0x07000000, 0x073620e8, 0x095d0000)
  from space 4800K,  21% used [0x09a80000, 0x09b841a0, 0x09f30000)
  to   space 4800K,   0% used [0x095d0000, 0x095d0000, 0x09a80000)
 tenured generation   total 96476K, used 85922K [0x11aa0000, 0x178d7000, 0x27000000)
   the space 96476K,  89% used [0x11aa0000, 0x16e88ad8, 0x16e88c00, 0x178d7000)
 Metaspace       used 20340K, capacity 20884K, committed 20992K, reserved 21888K

Card table byte_map: [0x06e40000,0x06f50000] byte_map_base: 0x06e08000

Polling page: 0x03180000

CodeCache: size=32768Kb used=2503Kb max_used=5056Kb free=30264Kb
 bounds [0x04da0000, 0x05298000, 0x06da0000]
 total_blobs=1537 nmethods=1257 adapters=208
 compilation: enabled

Compilation events (10 events):
Event: 10051.012 Thread 0x2751d800 10385             java.lang.AbstractStringBuilder::ensureCapacityInternal (27 bytes)
Event: 10051.012 Thread 0x2751d800 nmethod 10385 0x04fbe688 code [0x04fbe7a0, 0x04fbe968]
Event: 10051.012 Thread 0x2751d800 10386             java.lang.AbstractStringBuilder::append (50 bytes)
Event: 10051.013 Thread 0x2751d800 nmethod 10386 0x04eee548 code [0x04eee680, 0x04eee8e0]
Event: 10051.013 Thread 0x2751d800 10387             java.util.HashMap$ValueIterator::next (8 bytes)
Event: 10051.013 Thread 0x2751d800 nmethod 10387 0x04eee308 code [0x04eee410, 0x04eee4ac]
Event: 10051.013 Thread 0x2751d800 10388             java.util.HashMap::resize (359 bytes)
Event: 10051.014 Thread 0x2751d800 nmethod 10388 0x04e81a88 code [0x04e81bf0, 0x04e821fc]
Event: 10051.342 Thread 0x2751d800 10389             sun.java2d.SunGraphics2D::constrain (11 bytes)
Event: 10051.342 Thread 0x2751d800 nmethod 10389 0x04eee108 code [0x04eee200, 0x04eee2ac]

GC Heap History (10 events):
Event: 9468.301 GC heap before
{Heap before GC invocations=52 (full 2):
 def new generation   total 43520K, used 835K [0x07000000, 0x09f30000, 0x11aa0000)
  eden space 38720K,   0% used [0x07000000, 0x07002f38, 0x095d0000)
  from space 4800K,  17% used [0x095d0000, 0x0969ded8, 0x09a80000)
  to   space 4800K,   0% used [0x09a80000, 0x09a80000, 0x09f30000)
 tenured generation   total 96476K, used 62073K [0x11aa0000, 0x178d7000, 0x27000000)
   the space 96476K,  64% used [0x11aa0000, 0x1573e730, 0x1573e800, 0x178d7000)
 Metaspace       used 20317K, capacity 20852K, committed 20864K, reserved 20864K
Event: 9468.308 GC heap after
Heap after GC invocations=53 (full 2):
 def new generation   total 43520K, used 824K [0x07000000, 0x09f30000, 0x11aa0000)
  eden space 38720K,   0% used [0x07000000, 0x07000000, 0x095d0000)
  from space 4800K,  17% used [0x09a80000, 0x09b4e160, 0x09f30000)
  to   space 4800K,   0% used [0x095d0000, 0x095d0000, 0x09a80000)
 tenured generation   total 96476K, used 62073K [0x11aa0000, 0x178d7000, 0x27000000)
   the space 96476K,  64% used [0x11aa0000, 0x1573e730, 0x1573e800, 0x178d7000)
 Metaspace       used 20317K, capacity 20852K, committed 20864K, reserved 20864K
}
Event: 9681.176 GC heap before
{Heap before GC invocations=53 (full 2):
 def new generation   total 43520K, used 39544K [0x07000000, 0x09f30000, 0x11aa0000)
  eden space 38720K, 100% used [0x07000000, 0x095d0000, 0x095d0000)
  from space 4800K,  17% used [0x09a80000, 0x09b4e160, 0x09f30000)
  to   space 4800K,   0% used [0x095d0000, 0x095d0000, 0x09a80000)
 tenured generation   total 96476K, used 62073K [0x11aa0000, 0x178d7000, 0x27000000)
   the space 96476K,  64% used [0x11aa0000, 0x1573e730, 0x1573e800, 0x178d7000)
 Metaspace       used 20317K, capacity 20852K, committed 20864K, reserved 20864K
Event: 9681.182 GC heap after
Heap after GC invocations=54 (full 2):
 def new generation   total 43520K, used 836K [0x07000000, 0x09f30000, 0x11aa0000)
  eden space 38720K,   0% used [0x07000000, 0x07000000, 0x095d0000)
  from space 4800K,  17% used [0x095d0000, 0x096a1010, 0x09a80000)
  to   space 4800K,   0% used [0x09a80000, 0x09a80000, 0x09f30000)
 tenured generation   total 96476K, used 62073K [0x11aa0000, 0x178d7000, 0x27000000)
   the space 96476K,  64% used [0x11aa0000, 0x1573e730, 0x1573e800, 0x178d7000)
 Metaspace       used 20317K, capacity 20852K, committed 20864K, reserved 20864K
}
Event: 9839.090 GC heap before
{Heap before GC invocations=54 (full 2):
 def new generation   total 43520K, used 39556K [0x07000000, 0x09f30000, 0x11aa0000)
  eden space 38720K, 100% used [0x07000000, 0x095d0000, 0x095d0000)
  from space 4800K,  17% used [0x095d0000, 0x096a1010, 0x09a80000)
  to   space 4800K,   0% used [0x09a80000, 0x09a80000, 0x09f30000)
 tenured generation   total 96476K, used 62073K [0x11aa0000, 0x178d7000, 0x27000000)
   the space 96476K,  64% used [0x11aa0000, 0x1573e730, 0x1573e800, 0x178d7000)
 Metaspace       used 20317K, capacity 20852K, committed 20864K, reserved 20864K
Event: 9839.092 GC heap after
Heap after GC invocations=55 (full 2):
 def new generation   total 43520K, used 945K [0x07000000, 0x09f30000, 0x11aa0000)
  eden space 38720K,   0% used [0x07000000, 0x07000000, 0x095d0000)
  from space 4800K,  19% used [0x09a80000, 0x09b6c558, 0x09f30000)
  to   space 4800K,   0% used [0x095d0000, 0x095d0000, 0x09a80000)
 tenured generation   total 96476K, used 62554K [0x11aa0000, 0x178d7000, 0x27000000)
   the space 96476K,  64% used [0x11aa0000, 0x157b6a18, 0x157b6c00, 0x178d7000)
 Metaspace       used 20317K, capacity 20852K, committed 20864K, reserved 20864K
}
Event: 10015.059 GC heap before
{Heap before GC invocations=55 (full 2):
 def new generation   total 43520K, used 36301K [0x07000000, 0x09f30000, 0x11aa0000)
  eden space 38720K,  91% used [0x07000000, 0x09286ef0, 0x095d0000)
  from space 4800K,  19% used [0x09a80000, 0x09b6c558, 0x09f30000)
  to   space 4800K,   0% used [0x095d0000, 0x095d0000, 0x09a80000)
 tenured generation   total 96476K, used 62554K [0x11aa0000, 0x178d7000, 0x27000000)
   the space 96476K,  64% used [0x11aa0000, 0x157b6a18, 0x157b6c00, 0x178d7000)
 Metaspace       used 20320K, capacity 20852K, committed 20864K, reserved 20864K
Event: 10015.069 GC heap after
Heap after GC invocations=56 (full 2):
 def new generation   total 43520K, used 364K [0x07000000, 0x09f30000, 0x11aa0000)
  eden space 38720K,   0% used [0x07000000, 0x07000000, 0x095d0000)
  from space 4800K,   7% used [0x095d0000, 0x0962b1d8, 0x09a80000)
  to   space 4800K,   0% used [0x09a80000, 0x09a80000, 0x09f30000)
 tenured generation   total 96476K, used 62558K [0x11aa0000, 0x178d7000, 0x27000000)
   the space 96476K,  64% used [0x11aa0000, 0x157b7b68, 0x157b7c00, 0x178d7000)
 Metaspace       used 20320K, capacity 20852K, committed 20864K, reserved 20864K
}
Event: 10044.817 GC heap before
{Heap before GC invocations=56 (full 2):
 def new generation   total 43520K, used 39084K [0x07000000, 0x09f30000, 0x11aa0000)
  eden space 38720K, 100% used [0x07000000, 0x095d0000, 0x095d0000)
  from space 4800K,   7% used [0x095d0000, 0x0962b1d8, 0x09a80000)
  to   space 4800K,   0% used [0x09a80000, 0x09a80000, 0x09f30000)
 tenured generation   total 96476K, used 62558K [0x11aa0000, 0x178d7000, 0x27000000)
   the space 96476K,  64% used [0x11aa0000, 0x157b7b68, 0x157b7c00, 0x178d7000)
 Metaspace       used 20340K, capacity 20884K, committed 20992K, reserved 21888K
Event: 10044.843 GC heap after
Heap after GC invocations=57 (full 2):
 def new generation   total 43520K, used 1040K [0x07000000, 0x09f30000, 0x11aa0000)
  eden space 38720K,   0% used [0x07000000, 0x07000000, 0x095d0000)
  from space 4800K,  21% used [0x09a80000, 0x09b841a0, 0x09f30000)
  to   space 4800K,   0% used [0x095d0000, 0x095d0000, 0x09a80000)
 tenured generation   total 96476K, used 85922K [0x11aa0000, 0x178d7000, 0x27000000)
   the space 96476K,  89% used [0x11aa0000, 0x16e88ad8, 0x16e88c00, 0x178d7000)
 Metaspace       used 20340K, capacity 20884K, committed 20992K, reserved 21888K
}

Deoptimization events (0 events):
No events

Internal exceptions (10 events):
Event: 9839.173 Thread 0x2bee2000 Exception <a 'sun/nio/fs/WindowsException'> (0x076f29b0) thrown at [C:\workspace\8-2-build-windows-i586-cygwin\jdk8u144\9417\hotspot\src\share\vm\prims\jni.cpp, line 709]
Event: 9839.174 Thread 0x2bee2000 Exception <a 'sun/nio/fs/WindowsException'> (0x076fe4f0) thrown at [C:\workspace\8-2-build-windows-i586-cygwin\jdk8u144\9417\hotspot\src\share\vm\prims\jni.cpp, line 709]
Event: 9839.174 Thread 0x2bee2000 Exception <a 'sun/nio/fs/WindowsException'> (0x076fea70) thrown at [C:\workspace\8-2-build-windows-i586-cygwin\jdk8u144\9417\hotspot\src\share\vm\prims\jni.cpp, line 709]
Event: 10016.252 Thread 0x2bead400 Exception <a 'java/net/UnknownHostException': DESKTOP-TTN6SP3.home> (0x077f0158) thrown at [C:\workspace\8-2-build-windows-i586-cygwin\jdk8u144\9417\hotspot\src\share\vm\prims\jni.cpp, line 735]
Event: 10024.471 Thread 0x28ecf000 Exception <a 'java/net/SocketException': socket closed> (0x09195af8) thrown at [C:\workspace\8-2-build-windows-i586-cygwin\jdk8u144\9417\hotspot\src\share\vm\prims\jni.cpp, line 735]
Event: 10030.482 Thread 0x2bead400 Exception <a 'java/net/SocketException': error setting options> (0x0922a6b0) thrown at [C:\workspace\8-2-build-windows-i586-cygwin\jdk8u144\9417\hotspot\src\share\vm\prims\jni.cpp, line 735]
Event: 10030.483 Thread 0x2be8f800 Exception <a 'java/net/SocketException': socket closed> (0x092c77a0) thrown at [C:\workspace\8-2-build-windows-i586-cygwin\jdk8u144\9417\hotspot\src\share\vm\prims\jni.cpp, line 735]
Event: 10036.496 Thread 0x2bebac00 Exception <a 'java/net/SocketException': socket closed> (0x09403a08) thrown at [C:\workspace\8-2-build-windows-i586-cygwin\jdk8u144\9417\hotspot\src\share\vm\prims\jni.cpp, line 735]
Event: 10042.564 Thread 0x2bee2c00 Exception <a 'java/net/SocketException': socket closed> (0x095aade8) thrown at [C:\workspace\8-2-build-windows-i586-cygwin\jdk8u144\9417\hotspot\src\share\vm\prims\jni.cpp, line 735]
Event: 10044.798 Thread 0x2bead400 Exception <a 'java/net/UnknownHostException': DESKTOP-TTN6SP3.home> (0x095b0780) thrown at [C:\workspace\8-2-build-windows-i586-cygwin\jdk8u144\9417\hotspot\src\share\vm\prims\jni.cpp, line 735]

Events (10 events):
Event: 10048.550 Executing VM operation: RevokeBias
Event: 10048.551 Executing VM operation: RevokeBias done
Event: 10048.917 Thread 0x2751d800 flushing nmethod 0x04e6ce48
Event: 10048.917 Thread 0x2751d800 flushing nmethod 0x04e767c8
Event: 10048.917 Thread 0x2751d800 flushing nmethod 0x04e967c8
Event: 10048.917 Thread 0x2751d800 flushing nmethod 0x04ec6dc8
Event: 10048.918 Thread 0x2751d800 flushing nmethod 0x04eee108
Event: 10048.918 Thread 0x2751d800 flushing nmethod 0x05036e48
Event: 10048.918 Thread 0x2751d800 flushing nmethod 0x050551c8
Event: 10050.067 Thread 0x2751d800 flushing nmethod 0x04e81a48


Dynamic libraries:
0x00d50000 - 0x00d83000 	C:\Program Files (x86)\Arduino\java\bin\javaw.exe
0x77520000 - 0x776ad000 	C:\WINDOWS\SYSTEM32\ntdll.dll
0x770f0000 - 0x771c0000 	C:\WINDOWS\System32\KERNEL32.DLL
0x76f10000 - 0x770e7000 	C:\WINDOWS\System32\KERNELBASE.dll
0x74b90000 - 0x74c08000 	C:\WINDOWS\System32\ADVAPI32.dll
0x763c0000 - 0x7647d000 	C:\WINDOWS\System32\msvcrt.dll
0x74a50000 - 0x74a93000 	C:\WINDOWS\System32\sechost.dll
0x76250000 - 0x7630e000 	C:\WINDOWS\System32\RPCRT4.dll
0x73f40000 - 0x73f60000 	C:\WINDOWS\System32\SspiCli.dll
0x73f30000 - 0x73f3a000 	C:\WINDOWS\System32\CRYPTBASE.dll
0x76af0000 - 0x76b47000 	C:\WINDOWS\System32\bcryptPrimitives.dll
0x76080000 - 0x761f5000 	C:\WINDOWS\System32\USER32.dll
0x74c80000 - 0x74c96000 	C:\WINDOWS\System32\win32u.dll
0x76480000 - 0x764a2000 	C:\WINDOWS\System32\GDI32.dll
0x73f60000 - 0x740be000 	C:\WINDOWS\System32\gdi32full.dll
0x764b0000 - 0x7652c000 	C:\WINDOWS\System32\msvcp_win.dll
0x740c0000 - 0x741d7000 	C:\WINDOWS\System32\ucrtbase.dll
0x736d0000 - 0x738e1000 	C:\WINDOWS\WinSxS\x86_microsoft.windows.common-controls_6595b64144ccf1df_6.0.16299.371_none_5d75084fa7e1cb96\COMCTL32.dll
0x772d0000 - 0x77516000 	C:\WINDOWS\System32\combase.dll
0x771c0000 - 0x771e5000 	C:\WINDOWS\System32\IMM32.DLL
0x57a80000 - 0x57b3f000 	C:\Program Files (x86)\Arduino\java\bin\msvcr100.dll
0x51be0000 - 0x51fae000 	C:\Program Files (x86)\Arduino\java\bin\client\jvm.dll
0x76310000 - 0x76316000 	C:\WINDOWS\System32\PSAPI.DLL
0x71cd0000 - 0x71cf4000 	C:\WINDOWS\SYSTEM32\WINMM.dll
0x72100000 - 0x72108000 	C:\WINDOWS\SYSTEM32\WSOCK32.dll
0x73d20000 - 0x73d28000 	C:\WINDOWS\SYSTEM32\VERSION.dll
0x74350000 - 0x743b6000 	C:\WINDOWS\System32\WS2_32.dll
0x71c50000 - 0x71c73000 	C:\WINDOWS\SYSTEM32\winmmbase.dll
0x76db0000 - 0x76de8000 	C:\WINDOWS\System32\cfgmgr32.dll
0x5d2b0000 - 0x5d2e0000 	C:\Program Files (x86)\Arduino\java\bin\splashscreen.dll
0x72000000 - 0x7200c000 	C:\Program Files (x86)\Arduino\java\bin\verify.dll
0x73640000 - 0x736b9000 	C:\WINDOWS\system32\uxtheme.dll
0x5d280000 - 0x5d2a1000 	C:\Program Files (x86)\Arduino\java\bin\java.dll
0x76c60000 - 0x76da4000 	C:\WINDOWS\System32\MSCTF.dll
0x76320000 - 0x763b3000 	C:\WINDOWS\System32\OLEAUT32.dll
0x70710000 - 0x70797000 	C:\Program Files (x86)\Common Files\Microsoft Shared\Ink\tiptsf.dll
0x5d260000 - 0x5d273000 	C:\Program Files (x86)\Arduino\java\bin\zip.dll
0x74c70000 - 0x74c7e000 	C:\WINDOWS\System32\kernel.appcore.dll
0x6a050000 - 0x6a0c7000 	C:\WINDOWS\System32\TextInputFramework.dll
0x69d60000 - 0x69f94000 	C:\WINDOWS\System32\CoreUIComponents.dll
0x69fc0000 - 0x6a04c000 	C:\WINDOWS\System32\CoreMessaging.dll
0x76b50000 - 0x76bd8000 	C:\WINDOWS\System32\SHCORE.dll
0x732c0000 - 0x732e8000 	C:\WINDOWS\SYSTEM32\ntmarta.dll
0x6fdd0000 - 0x6fe9b000 	C:\WINDOWS\SYSTEM32\wintypes.dll
0x716a0000 - 0x716c3000 	C:\WINDOWS\system32\dwmapi.dll
0x74b00000 - 0x74b82000 	C:\WINDOWS\System32\clbcatq.dll
0x69730000 - 0x698ce000 	C:\Windows\System32\uiautomationcore.dll
0x71410000 - 0x71496000 	C:\WINDOWS\SYSTEM32\sxs.dll
0x74d30000 - 0x76063000 	C:\WINDOWS\System32\SHELL32.dll
0x74480000 - 0x74a46000 	C:\WINDOWS\System32\windows.storage.dll
0x76be0000 - 0x76c25000 	C:\WINDOWS\System32\shlwapi.dll
0x74c10000 - 0x74c55000 	C:\WINDOWS\System32\powrprof.dll
0x76ef0000 - 0x76f04000 	C:\WINDOWS\System32\profapi.dll
0x73ec0000 - 0x73f16000 	C:\Windows\System32\OLEACC.dll
0x68d80000 - 0x68dee000 	C:\WINDOWS\SYSTEM32\twinapi.dll
0x6fea0000 - 0x6ffd4000 	C:\WINDOWS\SYSTEM32\twinapi.appcore.dll
0x73dc0000 - 0x73dda000 	C:\WINDOWS\SYSTEM32\RMCLIENT.dll
0x73350000 - 0x73369000 	C:\WINDOWS\SYSTEM32\bcrypt.dll
0x61940000 - 0x619b2000 	C:\Program Files (x86)\Arduino\lib\listSerialsj.dll
0x76530000 - 0x76956000 	C:\WINDOWS\System32\SETUPAPI.dll
0x76df0000 - 0x76ee7000 	C:\WINDOWS\System32\ole32.dll
0x57a60000 - 0x57a7d000 	C:\Program Files (x86)\Arduino\lib\jnidispatch-4.2.2-win32-x86.dll
0x57a40000 - 0x57a56000 	C:\Program Files (x86)\Arduino\java\bin\net.dll
0x71e90000 - 0x71ee5000 	C:\WINDOWS\system32\mswsock.dll
0x71ff0000 - 0x71fff000 	C:\Program Files (x86)\Arduino\java\bin\nio.dll
0x57810000 - 0x57955000 	C:\Program Files (x86)\Arduino\java\bin\awt.dll
0x72650000 - 0x726ea000 	C:\WINDOWS\SYSTEM32\apphelp.dll
0x577d0000 - 0x57809000 	C:\Program Files (x86)\Arduino\java\bin\fontmanager.dll
0x520d0000 - 0x521af000 	C:\WINDOWS\system32\opengl32.dll
0x577a0000 - 0x577c5000 	C:\WINDOWS\SYSTEM32\GLU32.dll
0x57760000 - 0x57792000 	C:\Program Files (x86)\Arduino\java\bin\t2k.dll
0x719f0000 - 0x71a12000 	C:\WINDOWS\SYSTEM32\DEVOBJ.dll
0x76200000 - 0x76246000 	C:\WINDOWS\System32\WINTRUST.dll
0x76070000 - 0x7607e000 	C:\WINDOWS\System32\MSASN1.dll
0x76960000 - 0x76ae2000 	C:\WINDOWS\System32\CRYPT32.dll
0x73d50000 - 0x73d80000 	C:\WINDOWS\SYSTEM32\IPHLPAPI.DLL
0x76c50000 - 0x76c57000 	C:\WINDOWS\System32\NSI.dll
0x71ad0000 - 0x71ae3000 	C:\WINDOWS\SYSTEM32\dhcpcsvc6.DLL
0x71ab0000 - 0x71ac4000 	C:\WINDOWS\SYSTEM32\dhcpcsvc.DLL
0x71b90000 - 0x71c24000 	C:\WINDOWS\SYSTEM32\DNSAPI.dll
0x71b60000 - 0x71b68000 	C:\Program Files (x86)\National Instruments\Shared\mDNS Responder\nimdnsNSP.dll
0x71b50000 - 0x71b5d000 	C:\WINDOWS\SYSTEM32\nimdnsResponder.dll
0x72180000 - 0x72195000 	C:\WINDOWS\SYSTEM32\VCRUNTIME140.dll
0x71af0000 - 0x71af8000 	C:\Windows\System32\rasadhlp.dll
0x52060000 - 0x520c9000 	C:\Program Files (x86)\Arduino\msvcp100.dll
0x51b20000 - 0x51bde000 	C:\Program Files (x86)\Arduino\msvcr100.dll
0x29860000 - 0x29892000 	C:\Program Files (x86)\Arduino\lib\AStylej.dll
0x57730000 - 0x57754000 	C:\Program Files (x86)\Arduino\java\bin\dcpr.dll
0x68df0000 - 0x68f5e000 	C:\WINDOWS\SYSTEM32\WindowsCodecs.dll
0x690f0000 - 0x69138000 	C:\WINDOWS\system32\dataexchange.dll
0x6a290000 - 0x6a4ce000 	C:\WINDOWS\system32\d3d11.dll
0x68ff0000 - 0x690ee000 	C:\WINDOWS\system32\dcomp.dll
0x71600000 - 0x71693000 	C:\WINDOWS\system32\dxgi.dll
0x71b00000 - 0x71b4e000 	C:\WINDOWS\System32\fwpuclnt.dll
0x576e0000 - 0x57700000 	C:\Program Files (x86)\Arduino\java\bin\sunec.dll
0x72ed0000 - 0x72ee3000 	C:\WINDOWS\SYSTEM32\CRYPTSP.dll
0x72710000 - 0x7273f000 	C:\WINDOWS\system32\rsaenh.dll
0x73900000 - 0x73922000 	C:\WINDOWS\SYSTEM32\USERENV.dll
0x576d0000 - 0x576d9000 	C:\Program Files (x86)\Arduino\java\bin\sunmscapi.dll
0x73130000 - 0x732b1000 	C:\WINDOWS\SYSTEM32\dbghelp.dll

VM Arguments:
jvm_args: -Dsun.java2d.d3d=false -Djna.nosys=true -Djna.nounpack=true -Djna.boot.library.name=jnidispatch-4.2.2-win32-x86 -Djna.boot.library.path=C:\Program Files (x86)\Arduino/lib -Djssc.library.path=C:\Program Files (x86)\Arduino/lib -DAPP_DIR=C:\Program Files (x86)\Arduino -Xms128M -Xmx512M 
java_command: processing.app.Base C:\Users\luni\Desktop\POVSaber\POVLightsaber\POVLightsaber.ino
java_class_path (initial): C:\Program Files (x86)\Arduino\lib\apple.jar;C:\Program Files (x86)\Arduino\lib\arduino-core.jar;C:\Program Files (x86)\Arduino\lib\batik-1.8.jar;C:\Program Files (x86)\Arduino\lib\batik-anim-1.8.jar;C:\Program Files (x86)\Arduino\lib\batik-awt-util-1.8.jar;C:\Program Files (x86)\Arduino\lib\batik-bridge-1.8.jar;C:\Program Files (x86)\Arduino\lib\batik-codec-1.8.jar;C:\Program Files (x86)\Arduino\lib\batik-css-1.8.jar;C:\Program Files (x86)\Arduino\lib\batik-dom-1.8.jar;C:\Program Files (x86)\Arduino\lib\batik-ext-1.8.jar;C:\Program Files (x86)\Arduino\lib\batik-gvt-1.8.jar;C:\Program Files (x86)\Arduino\lib\batik-parser-1.8.jar;C:\Program Files (x86)\Arduino\lib\batik-rasterizer-1.8.jar;C:\Program Files (x86)\Arduino\lib\batik-script-1.8.jar;C:\Program Files (x86)\Arduino\lib\batik-squiggle-1.8.jar;C:\Program Files (x86)\Arduino\lib\batik-svg-dom-1.8.jar;C:\Program Files (x86)\Arduino\lib\batik-svgpp-1.8.jar;C:\Program Files (x86)\Arduino\lib\batik-transcoder-1.8.jar;C:\Program Files (x86)\Arduino\lib\batik-util-1.8.jar;C:\Program Files (x86)\Arduino\lib\batik-xml-1.8.jar;C:\Program Files (x86)\Arduino\lib\bcpg-jdk15on-152.jar;C:\Program Files (x86)\Arduino\lib\bcprov-jdk15on-152.jar;C:\Program Files (x86)\Arduino\lib\commons-codec-1.7.jar;C:\Program Files (x86)\Arduino\lib\commons-compress-1.8.jar;C:\Program Files (x86)\Arduino\lib\commons-exec-1.1.jar;C:\Program Files (x86)\Arduino\lib\commons-httpclient-3.1.jar;C:\Program Files (x86)\Arduino\lib\commons-lang3-3.3.2.jar;C:\Program Files (x86)\Arduino\lib\commons-logging-1.0.4.jar;C:\Program Files (x86)\Arduino\lib\commons-net-3.3.jar;C:\Program Files (x86)\Arduino\lib\jackson-annotations-2.6.3.jar;C:\Program Files (x86)\Arduino\lib\jackson-core-2.6.3.jar;C:\Program Files (x86)\Arduino\lib\jackson-databind-2.6.3.jar;C:\Program Files (x86)\Arduino\lib\jackson-module-mrbean-2.6.3.jar;C:\Program Files (x86)\Arduino\lib\java-semver-0.8.0.jar;C:\Program Files (x86)\Arduino\lib\jmdns-3.5.1.j
Launcher Type: SUN_STANDARD

Environment Variables:
PATH=C:\Program Files\ImageMagick-7.0.7-Q16;C:\ProgramData\Oracle\Java\javapath;C:\Program Files (x86)\Intel\iCLS Client\;C:\Program Files\Intel\iCLS Client\;C:\WINDOWS\system32;C:\WINDOWS;C:\WINDOWS\System32\Wbem;C:\WINDOWS\System32\WindowsPowerShell\v1.0\;C:\Program Files (x86)\Intel\Intel(R) Management Engine Components\DAL;C:\Program Files\Intel\Intel(R) Management Engine Components\DAL;C:\Program Files (x86)\Intel\Intel(R) Management Engine Components\IPT;C:\Program Files\Intel\Intel(R) Management Engine Components\IPT;C:\Program Files (x86)\Git\cmd;C:\Program Files (x86)\IVI Foundation\VISA\WinNT\Bin\;C:\Program Files\IVI Foundation\VISA\Win64\Bin\;C:\Program Files (x86)\IVI Foundation\VISA\WinNT\Bin;C:\Users\luni\AppData\Local\Microsoft\WindowsApps;;C:\Program Files\Microsoft VS Code\bin;C:\Program Files (x86)\Arduino\java\bin
USERNAME=luni
OS=Windows_NT
PROCESSOR_IDENTIFIER=Intel64 Family 6 Model 142 Stepping 9, GenuineIntel



---------------  S Y S T E M  ---------------

OS: Windows 10.0 , 64 bit Build 16299 (10.0.16299.15)

CPU:total 4 (initial active 4) (2 cores per cpu, 2 threads per core) family 6 model 142 stepping 9, cmov, cx8, fxsr, mmx, sse, sse2, sse3, ssse3, sse4.1, sse4.2, popcnt, avx, avx2, aes, clmul, erms, 3dnowpref, lzcnt, ht, tsc, tscinvbit, bmi1, bmi2, adx

Memory: 4k page, physical 16662656k(9909372k free), swap 17711232k(8037064k free)

vm_info: Java HotSpot(TM) Client VM (25.144-b01) for windows-x86 JRE (1.8.0_144-b01), built on Jul 21 2017 21:58:05 by "java_re" with MS VC++ 10.0 (VS2010)

time: Wed May 09 21:29:45 2018
elapsed time: 10052 seconds (0d 2h 47m 32s)

